[INFO]	Thu Oct 25 11:19:03 2018	Processing SRR7971416

[INFO]	Thu Oct 25 11:19:03 2018	Downloading FASTQ file	/home/anand/Downloads/sratoolkit.2.9.2-ubuntu64/bin/fastq-dump SRR7971416 -O /home/anand/Documents/preProcessing_results//SRR7971416

Read 17311652 spots for SRR7971416
Written 17311652 spots for SRR7971416

[INFO]	Thu Oct 25 11:19:51 2018	Starting adapter removal	java -jar /home/anand/Downloads/Trimmomatic-0.38/trimmomatic-0.38.jar SE -phred33 /home/anand/Documents/preProcessing_results//SRR7971416/SRR7971416.fastq /home/anand/Documents/preProcessing_results//SRR7971416/SRR7971416.AT.fastq ILLUMINACLIP:/home/anand/Downloads/Trimmomatic-0.38/adapters/TruSeq3-SE.fa:2:30:10 LEADING:3 TRAILING:3 SLIDINGWINDOW:4:15 MINLEN:25

TrimmomaticSE: Started with arguments:
 -phred33 /home/anand/Documents/preProcessing_results//SRR7971416/SRR7971416.fastq /home/anand/Documents/preProcessing_results//SRR7971416/SRR7971416.AT.fastq ILLUMINACLIP:/home/anand/Downloads/Trimmomatic-0.38/adapters/TruSeq3-SE.fa:2:30:10 LEADING:3 TRAILING:3 SLIDINGWINDOW:4:15 MINLEN:25
Automatically using 4 threads
Using Long Clipping Sequence: 'AGATCGGAAGAGCGTCGTGTAGGGAAAGAGTGTA'
Using Long Clipping Sequence: 'AGATCGGAAGAGCACACGTCTGAACTCCAGTCAC'
ILLUMINACLIP: Using 0 prefix pairs, 2 forward/reverse sequences, 0 forward only sequences, 0 reverse only sequences
Input Reads: 17311652 Surviving: 17285750 (99.85%) Dropped: 25902 (0.15%)
TrimmomaticSE: Completed successfully

[INFO]	Thu Oct 25 11:21:22 2018	Collapsing reads from /home/anand/Documents/preProcessing_results//SRR7971416/SRR7971416.AT.fastq

Input: 17285750 sequences (representing 17285750 reads)
Output: 3873883 sequences (representing 17285750 reads)

[INFO]	Thu Oct 25 11:22:32 2018	Output generated: /home/anand/Documents/preProcessing_results//SRR7971416/SRR7971416.AT.COL.fa

[INFO]	Thu Oct 25 11:22:32 2018	Processing SRR7971417

[INFO]	Thu Oct 25 11:22:32 2018	Downloading FASTQ file	/home/anand/Downloads/sratoolkit.2.9.2-ubuntu64/bin/fastq-dump SRR7971417 -O /home/anand/Documents/preProcessing_results//SRR7971417

Read 22867849 spots for SRR7971417
Written 22867849 spots for SRR7971417

[INFO]	Thu Oct 25 11:23:37 2018	Starting adapter removal	java -jar /home/anand/Downloads/Trimmomatic-0.38/trimmomatic-0.38.jar SE -phred33 /home/anand/Documents/preProcessing_results//SRR7971417/SRR7971417.fastq /home/anand/Documents/preProcessing_results//SRR7971417/SRR7971417.AT.fastq ILLUMINACLIP:/home/anand/Downloads/Trimmomatic-0.38/adapters/TruSeq3-SE.fa:2:30:10 LEADING:3 TRAILING:3 SLIDINGWINDOW:4:15 MINLEN:25

TrimmomaticSE: Started with arguments:
 -phred33 /home/anand/Documents/preProcessing_results//SRR7971417/SRR7971417.fastq /home/anand/Documents/preProcessing_results//SRR7971417/SRR7971417.AT.fastq ILLUMINACLIP:/home/anand/Downloads/Trimmomatic-0.38/adapters/TruSeq3-SE.fa:2:30:10 LEADING:3 TRAILING:3 SLIDINGWINDOW:4:15 MINLEN:25
Automatically using 4 threads
Using Long Clipping Sequence: 'AGATCGGAAGAGCGTCGTGTAGGGAAAGAGTGTA'
Using Long Clipping Sequence: 'AGATCGGAAGAGCACACGTCTGAACTCCAGTCAC'
ILLUMINACLIP: Using 0 prefix pairs, 2 forward/reverse sequences, 0 forward only sequences, 0 reverse only sequences
Input Reads: 22867849 Surviving: 22821052 (99.80%) Dropped: 46797 (0.20%)
TrimmomaticSE: Completed successfully

[INFO]	Thu Oct 25 11:25:04 2018	Collapsing reads from /home/anand/Documents/preProcessing_results//SRR7971417/SRR7971417.AT.fastq

Input: 22821052 sequences (representing 22821052 reads)
Output: 4665240 sequences (representing 22821052 reads)

[INFO]	Thu Oct 25 11:26:35 2018	Output generated: /home/anand/Documents/preProcessing_results//SRR7971417/SRR7971417.AT.COL.fa

[INFO]	Thu Oct 25 11:26:35 2018	Processing SRR7971418

[INFO]	Thu Oct 25 11:26:35 2018	Downloading FASTQ file	/home/anand/Downloads/sratoolkit.2.9.2-ubuntu64/bin/fastq-dump SRR7971418 -O /home/anand/Documents/preProcessing_results//SRR7971418

Read 19838533 spots for SRR7971418
Written 19838533 spots for SRR7971418

[INFO]	Thu Oct 25 11:27:30 2018	Starting adapter removal	java -jar /home/anand/Downloads/Trimmomatic-0.38/trimmomatic-0.38.jar SE -phred33 /home/anand/Documents/preProcessing_results//SRR7971418/SRR7971418.fastq /home/anand/Documents/preProcessing_results//SRR7971418/SRR7971418.AT.fastq ILLUMINACLIP:/home/anand/Downloads/Trimmomatic-0.38/adapters/TruSeq3-SE.fa:2:30:10 LEADING:3 TRAILING:3 SLIDINGWINDOW:4:15 MINLEN:25

TrimmomaticSE: Started with arguments:
 -phred33 /home/anand/Documents/preProcessing_results//SRR7971418/SRR7971418.fastq /home/anand/Documents/preProcessing_results//SRR7971418/SRR7971418.AT.fastq ILLUMINACLIP:/home/anand/Downloads/Trimmomatic-0.38/adapters/TruSeq3-SE.fa:2:30:10 LEADING:3 TRAILING:3 SLIDINGWINDOW:4:15 MINLEN:25
Automatically using 4 threads
Using Long Clipping Sequence: 'AGATCGGAAGAGCGTCGTGTAGGGAAAGAGTGTA'
Using Long Clipping Sequence: 'AGATCGGAAGAGCACACGTCTGAACTCCAGTCAC'
ILLUMINACLIP: Using 0 prefix pairs, 2 forward/reverse sequences, 0 forward only sequences, 0 reverse only sequences
Input Reads: 19838533 Surviving: 19800051 (99.81%) Dropped: 38482 (0.19%)
TrimmomaticSE: Completed successfully

[INFO]	Thu Oct 25 11:29:18 2018	Collapsing reads from /home/anand/Documents/preProcessing_results//SRR7971418/SRR7971418.AT.fastq

Input: 19800051 sequences (representing 19800051 reads)
Output: 5306232 sequences (representing 19800051 reads)

[INFO]	Thu Oct 25 11:30:42 2018	Output generated: /home/anand/Documents/preProcessing_results//SRR7971418/SRR7971418.AT.COL.fa

[INFO]	Thu Oct 25 11:30:42 2018	Processing SRR7971419

[INFO]	Thu Oct 25 11:30:42 2018	Downloading FASTQ file	/home/anand/Downloads/sratoolkit.2.9.2-ubuntu64/bin/fastq-dump SRR7971419 -O /home/anand/Documents/preProcessing_results//SRR7971419

Read 16118899 spots for SRR7971419
Written 16118899 spots for SRR7971419

[INFO]	Thu Oct 25 11:31:26 2018	Starting adapter removal	java -jar /home/anand/Downloads/Trimmomatic-0.38/trimmomatic-0.38.jar SE -phred33 /home/anand/Documents/preProcessing_results//SRR7971419/SRR7971419.fastq /home/anand/Documents/preProcessing_results//SRR7971419/SRR7971419.AT.fastq ILLUMINACLIP:/home/anand/Downloads/Trimmomatic-0.38/adapters/TruSeq3-SE.fa:2:30:10 LEADING:3 TRAILING:3 SLIDINGWINDOW:4:15 MINLEN:25

TrimmomaticSE: Started with arguments:
 -phred33 /home/anand/Documents/preProcessing_results//SRR7971419/SRR7971419.fastq /home/anand/Documents/preProcessing_results//SRR7971419/SRR7971419.AT.fastq ILLUMINACLIP:/home/anand/Downloads/Trimmomatic-0.38/adapters/TruSeq3-SE.fa:2:30:10 LEADING:3 TRAILING:3 SLIDINGWINDOW:4:15 MINLEN:25
Automatically using 4 threads
Using Long Clipping Sequence: 'AGATCGGAAGAGCGTCGTGTAGGGAAAGAGTGTA'
Using Long Clipping Sequence: 'AGATCGGAAGAGCACACGTCTGAACTCCAGTCAC'
ILLUMINACLIP: Using 0 prefix pairs, 2 forward/reverse sequences, 0 forward only sequences, 0 reverse only sequences
Input Reads: 16118899 Surviving: 16094706 (99.85%) Dropped: 24193 (0.15%)
TrimmomaticSE: Completed successfully

[INFO]	Thu Oct 25 11:32:54 2018	Collapsing reads from /home/anand/Documents/preProcessing_results//SRR7971419/SRR7971419.AT.fastq

Input: 16094706 sequences (representing 16094706 reads)
Output: 5482060 sequences (representing 16094706 reads)

[INFO]	Thu Oct 25 11:34:10 2018	Output generated: /home/anand/Documents/preProcessing_results//SRR7971419/SRR7971419.AT.COL.fa

[INFO]	Thu Oct 25 11:34:10 2018	Processing SRR7971420

[INFO]	Thu Oct 25 11:34:10 2018	Downloading FASTQ file	/home/anand/Downloads/sratoolkit.2.9.2-ubuntu64/bin/fastq-dump SRR7971420 -O /home/anand/Documents/preProcessing_results//SRR7971420

Read 16056630 spots for SRR7971420
Written 16056630 spots for SRR7971420

[INFO]	Thu Oct 25 11:34:58 2018	Starting adapter removal	java -jar /home/anand/Downloads/Trimmomatic-0.38/trimmomatic-0.38.jar SE -phred33 /home/anand/Documents/preProcessing_results//SRR7971420/SRR7971420.fastq /home/anand/Documents/preProcessing_results//SRR7971420/SRR7971420.AT.fastq ILLUMINACLIP:/home/anand/Downloads/Trimmomatic-0.38/adapters/TruSeq3-SE.fa:2:30:10 LEADING:3 TRAILING:3 SLIDINGWINDOW:4:15 MINLEN:25

TrimmomaticSE: Started with arguments:
 -phred33 /home/anand/Documents/preProcessing_results//SRR7971420/SRR7971420.fastq /home/anand/Documents/preProcessing_results//SRR7971420/SRR7971420.AT.fastq ILLUMINACLIP:/home/anand/Downloads/Trimmomatic-0.38/adapters/TruSeq3-SE.fa:2:30:10 LEADING:3 TRAILING:3 SLIDINGWINDOW:4:15 MINLEN:25
Automatically using 4 threads
Using Long Clipping Sequence: 'AGATCGGAAGAGCGTCGTGTAGGGAAAGAGTGTA'
Using Long Clipping Sequence: 'AGATCGGAAGAGCACACGTCTGAACTCCAGTCAC'
ILLUMINACLIP: Using 0 prefix pairs, 2 forward/reverse sequences, 0 forward only sequences, 0 reverse only sequences
Input Reads: 16056630 Surviving: 16030622 (99.84%) Dropped: 26008 (0.16%)
TrimmomaticSE: Completed successfully

[INFO]	Thu Oct 25 11:36:16 2018	Collapsing reads from /home/anand/Documents/preProcessing_results//SRR7971420/SRR7971420.AT.fastq

Input: 16030622 sequences (representing 16030622 reads)
Output: 5114378 sequences (representing 16030622 reads)

[INFO]	Thu Oct 25 11:37:27 2018	Output generated: /home/anand/Documents/preProcessing_results//SRR7971420/SRR7971420.AT.COL.fa

real 1104.04
user 1188.30
sys 87.02
